<?xml version="1.0" encoding="UTF-8"?>
<!-- Generated by org.testng.reporters.JUnitXMLReporter -->
<testsuite ignored="1" hostname="Rizals-MacBook-Pro.local" failures="0" tests="1" name="Surefire test" time="18.084" errors="0" timestamp="2025-09-18T09:54:00 WIB">
  <testcase classname="com.vms.tests.editVendor" name="editVendorStage2" time="18.054"/>
  <testcase classname="com.vms.tests.editVendor" name="editVendorStage1" time="0.0">
    <ignored/>
  </testcase> <!-- editVendorStage1 -->
</testsuite> <!-- Surefire test -->
