<?xml version="1.0" encoding="UTF-8"?>
<testng-results ignored="0" total="0" passed="0" failed="0" skipped="0">
  <reporter-output>
  </reporter-output>
  <suite started-at="2025-09-16T18:22:59 WIB" name="Surefire suite" finished-at="2025-09-16T18:22:59 WIB" duration-ms="6">
    <groups>
    </groups>
    <test started-at="2025-09-16T18:22:59 WIB" name="Surefire test" finished-at="2025-09-16T18:22:59 WIB" duration-ms="6">
      <class name="com.vms.common.BaseTest">
        <test-method is-config="true" signature="setupSuite()[pri:0, instance:com.vms.common.BaseTest@78b1cc93]" started-at="2025-09-16T18:22:57 WIB" name="setupSuite" finished-at="2025-09-16T18:22:59 WIB" duration-ms="2430" status="PASS">
          <reporter-output>
          </reporter-output>
        </test-method> <!-- setupSuite -->
        <test-method is-config="true" signature="teardownSuite()[pri:0, instance:com.vms.common.BaseTest@78b1cc93]" started-at="2025-09-16T18:22:59 WIB" name="teardownSuite" finished-at="2025-09-16T18:22:59 WIB" duration-ms="119" status="PASS">
          <reporter-output>
          </reporter-output>
        </test-method> <!-- teardownSuite -->
      </class> <!-- com.vms.common.BaseTest -->
    </test> <!-- Surefire test -->
  </suite> <!-- Surefire suite -->
</testng-results>
